<?xml version="1.0" encoding="UTF-8"?>
<testExecutions version="1">
    <file path="/home/julio/Documents/Test pr치ctico NodeJs/Test pr치ctico/src/tests/unit/server.spec.js">
        <testCase name="Testing responses of error &lt;404&gt; should always return &quot;Path not found&quot;" duration="17"/>
        <testCase name="Testing responses of error &lt;411&gt; should always return &quot;Invalid data&quot; and status code 411" duration="8"/>
    </file>
    <file path="/home/julio/Documents/Test pr치ctico NodeJs/Test pr치ctico/src/tests/integration/product.spec.js">
        <testCase name="Testing route of products &lt;200&gt; should always return results and status code 200" duration="1021"/>
    </file>
</testExecutions>